<?xml version="1.0" encoding="UTF-8"?>
<testsuite name="CreateListTestRunner" tests="2" skipped="0" failures="0" errors="0" timestamp="2024-08-09T18:00:31" hostname="DESKTOP-RQUAUR5" time="2.0">
  <properties/>
  <testcase name="doCreateList" classname="CreateListTestRunner" time="1.955"/>
  <testcase name="dodeleteList" classname="CreateListTestRunner" time="0.042"/>
  <system-out><![CDATA[{
  "boardId": 1,
  "name": "Test_List",
  "order": 1,
  "created": "2024-08-10",
  "id": 32
}
32
{}
]]></system-out>
  <system-err><![CDATA[]]></system-err>
</testsuite>
